<?xml version="1.0" encoding="UTF-8"?>
<!-- Generated by org.testng.reporters.JUnitReportReporter -->
<testsuite hostname="Dell" failures="0" tests="5" name="DataDrivenTesting.usingObjectarr" time="3.156" errors="0" timestamp="11 Jul 2022 04:33:07 GMT" skipped="0">
  <testcase classname="DataDrivenTesting.usingObjectarr" name="useDataProvider" time="2.885"/>
  <testcase classname="DataDrivenTesting.usingObjectarr" name="useDataProvider" time="0.046"/>
  <testcase classname="DataDrivenTesting.usingObjectarr" name="useDataProvider" time="0.096"/>
  <testcase classname="DataDrivenTesting.usingObjectarr" name="useDataProvider" time="0.066"/>
  <testcase classname="DataDrivenTesting.usingObjectarr" name="useDataProvider" time="0.063"/>
</testsuite> <!-- DataDrivenTesting.usingObjectarr -->
