<?xml version="1.0" encoding="UTF-8"?>
<!-- Generated by org.testng.reporters.JUnitReportReporter -->
<testsuite hostname="Dell" failures="0" tests="1" name="DataDrivenTesting.QueryParam" time="3.216" errors="0" timestamp="08 Jul 2022 11:32:28 GMT" skipped="0">
  <testcase classname="DataDrivenTesting.QueryParam" name="queryparam" time="3.216"/>
</testsuite> <!-- DataDrivenTesting.QueryParam -->
