<?xml version="1.0" encoding="UTF-8"?>
<!-- Generated by org.testng.reporters.JUnitReportReporter -->
<testsuite hostname="Dell" failures="0" tests="1" name="Authentications.BearerToken" time="4.911" errors="0" timestamp="11 Jul 2022 07:16:07 GMT" skipped="0">
  <testcase classname="Authentications.BearerToken" name="bearerToken" time="4.911"/>
</testsuite> <!-- Authentications.BearerToken -->
