<?xml version="1.0" encoding="UTF-8"?>
<!-- Generated by org.testng.reporters.JUnitReportReporter -->
<testsuite hostname="Dell" failures="0" tests="1" name="Authentications.Oauth2Test" time="4.700" errors="0" timestamp="11 Jul 2022 08:14:37 GMT" skipped="0">
  <testcase classname="Authentications.Oauth2Test" name="oauth2test" time="4.700"/>
</testsuite> <!-- Authentications.Oauth2Test -->
