<?xml version="1.0" encoding="UTF-8"?>
<!-- Generated by org.testng.reporters.JUnitReportReporter -->
<testsuite hostname="Dell" failures="0" tests="3" name="Authentications.BasicAuth" time="2.954" errors="0" timestamp="11 Jul 2022 06:49:03 GMT" skipped="0">
  <testcase classname="Authentications.BasicAuth" name="digestiveauth" time="0.165"/>
  <testcase classname="Authentications.BasicAuth" name="preemptiveveauth" time="0.162"/>
  <testcase classname="Authentications.BasicAuth" name="basicauth" time="2.627"/>
</testsuite> <!-- Authentications.BasicAuth -->
