<?xml version="1.0" encoding="UTF-8"?>
<!-- Generated by org.testng.reporters.JUnitReportReporter -->
<testsuite hostname="Dell" failures="0" tests="1" name="CRUDOperationwithBDD.UpdateProject" time="2.841" errors="0" timestamp="07 Jul 2022 11:02:50 GMT" skipped="0">
  <testcase classname="CRUDOperationwithBDD.UpdateProject" name="updateProject" time="2.841"/>
</testsuite> <!-- CRUDOperationwithBDD.UpdateProject -->
