<?xml version="1.0" encoding="UTF-8"?>
<!-- Generated by org.testng.reporters.JUnitReportReporter -->
<testsuite hostname="Dell" failures="0" tests="1" name="ResponseValidation.DynamicResponseValidation" time="3.124" errors="0" timestamp="08 Jul 2022 07:50:33 GMT" skipped="0">
  <testcase classname="ResponseValidation.DynamicResponseValidation" name="dynamicresponse" time="3.124"/>
</testsuite> <!-- ResponseValidation.DynamicResponseValidation -->
