<?xml version="1.0" encoding="UTF-8"?>
<!-- Generated by org.testng.reporters.JUnitReportReporter -->
<testsuite hostname="Dell" failures="0" tests="1" name="CRUDOperationwithBDD.CreateProjectTest" time="2.787" errors="0" timestamp="07 Jul 2022 10:54:54 GMT" skipped="0">
  <testcase classname="CRUDOperationwithBDD.CreateProjectTest" name="createProject" time="2.787"/>
</testsuite> <!-- CRUDOperationwithBDD.CreateProjectTest -->
