<?xml version="1.0" encoding="UTF-8"?>
<!-- Generated by org.testng.reporters.JUnitReportReporter -->
<testsuite hostname="Dell" failures="0" tests="1" name="CRUDOperationwithBDD.GetallProjects" time="2.555" errors="0" timestamp="08 Jul 2022 11:27:07 GMT" skipped="0">
  <testcase classname="CRUDOperationwithBDD.GetallProjects" name="getallprojects" time="2.555"/>
</testsuite> <!-- CRUDOperationwithBDD.GetallProjects -->
