<?xml version="1.0" encoding="UTF-8"?>
<!-- Generated by org.testng.reporters.JUnitReportReporter -->
<testsuite hostname="Dell" failures="0" tests="1" name="CRUDOperationwithBDD.PracticeBDD" time="2.382" errors="0" timestamp="07 Jul 2022 17:55:18 GMT" skipped="0">
  <testcase classname="CRUDOperationwithBDD.PracticeBDD" name="createpoj" time="2.382"/>
</testsuite> <!-- CRUDOperationwithBDD.PracticeBDD -->
