<?xml version="1.0" encoding="UTF-8"?>
<!-- Generated by org.testng.reporters.JUnitReportReporter -->
<testsuite hostname="Dell" failures="0" tests="1" name="differentWaysToPostRequest.CreateProjectusingPOJO" time="2.739" errors="0" timestamp="08 Jul 2022 07:27:56 GMT" skipped="0">
  <testcase classname="differentWaysToPostRequest.CreateProjectusingPOJO" name="createProject" time="2.739"/>
</testsuite> <!-- differentWaysToPostRequest.CreateProjectusingPOJO -->
