<?xml version="1.0" encoding="UTF-8"?>
<!-- Generated by org.testng.reporters.JUnitReportReporter -->
<testsuite hostname="Dell" failures="0" tests="1" name="differentWaysToPostRequest.CreateProductUsingJsonObject" time="2.885" errors="0" timestamp="07 Jul 2022 11:55:25 GMT" skipped="0">
  <testcase classname="differentWaysToPostRequest.CreateProductUsingJsonObject" name="createProduct" time="2.885"/>
</testsuite> <!-- differentWaysToPostRequest.CreateProductUsingJsonObject -->
