<?xml version="1.0" encoding="UTF-8"?>
<!-- Generated by org.testng.reporters.JUnitReportReporter -->
<testsuite hostname="Dell" failures="0" tests="1" name="CreateClasswithoutBDD.GetParticularProject" time="2.223" errors="0" timestamp="07 Jul 2022 07:53:02 GMT" skipped="0">
  <testcase classname="CreateClasswithoutBDD.GetParticularProject" name="getparticularProject" time="2.223"/>
</testsuite> <!-- CreateClasswithoutBDD.GetParticularProject -->
