<?xml version="1.0" encoding="UTF-8"?>
<!-- Generated by org.testng.reporters.JUnitReportReporter -->
<testsuite hostname="Dell" failures="0" tests="1" name="CreateClasswithoutBDD.UpdateProjectTest" time="2.646" errors="0" timestamp="07 Jul 2022 07:46:41 GMT" skipped="0">
  <testcase classname="CreateClasswithoutBDD.UpdateProjectTest" name="updateProject" time="2.646"/>
</testsuite> <!-- CreateClasswithoutBDD.UpdateProjectTest -->
