<?xml version="1.0" encoding="UTF-8"?>
<!-- Generated by org.testng.reporters.JUnitReportReporter -->
<testsuite hostname="Dell" failures="0" tests="1" name="CRUDOperationwithBDD.GetparticularProject" time="2.191" errors="0" timestamp="07 Jul 2022 11:10:12 GMT" skipped="0">
  <testcase classname="CRUDOperationwithBDD.GetparticularProject" name="getparticularproject" time="2.191"/>
</testsuite> <!-- CRUDOperationwithBDD.GetparticularProject -->
