<?xml version="1.0" encoding="UTF-8"?>
<!-- Generated by org.testng.reporters.JUnitReportReporter -->
<testsuite hostname="Dell" failures="0" tests="1" name="CreateClasswithoutBDD.CreateProjectTest" time="3.273" errors="0" timestamp="07 Jul 2022 10:06:06 GMT" skipped="0">
  <testcase classname="CreateClasswithoutBDD.CreateProjectTest" name="createProject" time="3.273"/>
</testsuite> <!-- CreateClasswithoutBDD.CreateProjectTest -->
