<?xml version="1.0" encoding="UTF-8"?>
<!-- Generated by org.testng.reporters.JUnitReportReporter -->
<testsuite hostname="Dell" failures="0" tests="1" name="CreateClasswithoutBDD.PractiseProject" time="2.171" errors="0" timestamp="07 Jul 2022 17:23:24 GMT" skipped="0">
  <testcase classname="CreateClasswithoutBDD.PractiseProject" name="Prcitse" time="2.171"/>
</testsuite> <!-- CreateClasswithoutBDD.PractiseProject -->
