<?xml version="1.0" encoding="UTF-8"?>
<!-- Generated by org.testng.reporters.JUnitReportReporter -->
<testsuite hostname="Dell" failures="0" tests="1" name="CreateClasswithoutBDD.DeleteProject" time="2.151" errors="0" timestamp="07 Jul 2022 10:06:41 GMT" skipped="0">
  <testcase classname="CreateClasswithoutBDD.DeleteProject" name="deleteproject" time="2.151"/>
</testsuite> <!-- CreateClasswithoutBDD.DeleteProject -->
