<?xml version="1.0" encoding="UTF-8"?>
<!-- Generated by org.testng.reporters.JUnitReportReporter -->
<testsuite hostname="Dell" failures="0" tests="1" name="RequestChaining.CreatenSelectNDeleteProject" time="3.669" errors="0" timestamp="09 Jul 2022 12:41:51 GMT" skipped="0">
  <testcase classname="RequestChaining.CreatenSelectNDeleteProject" name="createslectdeete" time="3.669"/>
</testsuite> <!-- RequestChaining.CreatenSelectNDeleteProject -->
