<?xml version="1.0" encoding="UTF-8"?>
<!-- Generated by org.testng.reporters.JUnitReportReporter -->
<testsuite hostname="Dell" failures="0" tests="1" name="RequestChaining.CreateNUpdate" time="3.683" errors="0" timestamp="09 Jul 2022 12:52:49 GMT" skipped="0">
  <testcase classname="RequestChaining.CreateNUpdate" name="createupdate" time="3.683"/>
</testsuite> <!-- RequestChaining.CreateNUpdate -->
