<?xml version="1.0" encoding="UTF-8"?>
<!-- Generated by org.testng.reporters.JUnitReportReporter -->
<testsuite hostname="Dell" failures="0" tests="1" name="DataDrivenTesting.PathParam" time="2.622" errors="0" timestamp="08 Jul 2022 11:28:34 GMT" skipped="0">
  <testcase classname="DataDrivenTesting.PathParam" name="pathparam" time="2.622"/>
</testsuite> <!-- DataDrivenTesting.PathParam -->
