<?xml version="1.0" encoding="UTF-8"?>
<!-- Generated by org.testng.reporters.JUnitReportReporter -->
<testsuite hostname="Dell" failures="0" tests="1" name="CRUDOperationwithBDD.Deleteproject" time="2.263" errors="0" timestamp="07 Jul 2022 11:12:55 GMT" skipped="0">
  <testcase classname="CRUDOperationwithBDD.Deleteproject" name="deleteproject" time="2.263"/>
</testsuite> <!-- CRUDOperationwithBDD.Deleteproject -->
