<?xml version="1.0" encoding="UTF-8"?>
<!-- Generated by org.testng.reporters.JUnitReportReporter -->
<testsuite hostname="Dell" failures="0" tests="1" name="RequestChaining.CreateProjectNdGet" time="3.607" errors="0" timestamp="09 Jul 2022 11:39:11 GMT" skipped="0">
  <testcase classname="RequestChaining.CreateProjectNdGet" name="createPro" time="3.607"/>
</testsuite> <!-- RequestChaining.CreateProjectNdGet -->
