<?xml version="1.0" encoding="UTF-8"?>
<!-- Generated by org.testng.reporters.JUnitReportReporter -->
<testsuite hostname="Dell" failures="0" tests="1" name="differentWaysToPostRequest.CreateObjectUsingHashmap" time="2.820" errors="0" timestamp="07 Jul 2022 16:21:46 GMT" skipped="0">
  <testcase classname="differentWaysToPostRequest.CreateObjectUsingHashmap" name="createoproduct" time="2.820"/>
</testsuite> <!-- differentWaysToPostRequest.CreateObjectUsingHashmap -->
