<?xml version="1.0" encoding="UTF-8"?>
<!-- Generated by org.testng.reporters.JUnitReportReporter -->
<testsuite hostname="Dell" failures="0" tests="1" name="ResponseValidation.ResponseTime" time="2.241" errors="0" timestamp="08 Jul 2022 10:11:33 GMT" skipped="0">
  <testcase classname="ResponseValidation.ResponseTime" name="responseTime" time="2.241"/>
</testsuite> <!-- ResponseValidation.ResponseTime -->
